0 info it worked if it ends with ok
1 verbose cli [ 'node', '/usr/local/bin/npm', 'publish' ]
2 info using npm@2.5.1
3 info using node@v0.12.0
4 verbose publish [ '.' ]
5 silly cache add args [ '.', null ]
6 verbose cache add spec .
7 silly cache add parsed spec { raw: '.',
7 silly cache add   scope: null,
7 silly cache add   name: null,
7 silly cache add   rawSpec: '.',
7 silly cache add   spec: '/Users/sky/dev/smart/smart-pack',
7 silly cache add   type: 'directory' }
8 verbose addLocalDirectory /Users/sky/.npm/smart-h5-pack-framework/0.1.1/package.tgz not in flight; packing
9 verbose tar pack [ '/Users/sky/.npm/smart-h5-pack-framework/0.1.1/package.tgz',
9 verbose tar pack   '/Users/sky/dev/smart/smart-pack' ]
10 verbose tarball /Users/sky/.npm/smart-h5-pack-framework/0.1.1/package.tgz
11 verbose folder /Users/sky/dev/smart/smart-pack
12 info prepublish smart-h5-pack-framework@0.1.1
13 verbose addLocalTarball adding from inside cache /Users/sky/.npm/smart-h5-pack-framework/0.1.1/package.tgz
14 silly cache afterAdd smart-h5-pack-framework@0.1.1
15 verbose afterAdd /Users/sky/.npm/smart-h5-pack-framework/0.1.1/package/package.json not in flight; writing
16 verbose afterAdd /Users/sky/.npm/smart-h5-pack-framework/0.1.1/package/package.json written
17 silly publish { name: 'smart-h5-pack-framework',
17 silly publish   version: '0.1.1',
17 silly publish   description: 'Grunt Pack Framework',
17 silly publish   author: { name: 'skydev', email: 'hubcarl@126.com' },
17 silly publish   homepage: 'http://git.oschina.net/hubcarl',
17 silly publish   repository:
17 silly publish    { type: 'git',
17 silly publish      url: 'https://git.oschina.net/hubcarl/smart.git' },
17 silly publish   keywords:
17 silly publish    [ 'css require',
17 silly publish      'js require',
17 silly publish      'html require',
17 silly publish      'include',
17 silly publish      'require',
17 silly publish      'replace',
17 silly publish      'variable',
17 silly publish      'template' ],
17 silly publish   dependencies:
17 silly publish    { async: '^0.9.0',
17 silly publish      chalk: '^1.0.0',
17 silly publish      'pretty-bytes': '^1.0.1',
17 silly publish      'uglify-js': '^2.4.24',
17 silly publish      'clean-css': '^3.4.1',
17 silly publish      'html-minifier': '0.7.2',
17 silly publish      rimraf: '~2.2.1',
17 silly publish      imagemin: '3.2.0' },
17 silly publish   devDependencies: { grunt: '~0.4.4' },
17 silly publish   peerDependencies: { grunt: '~0.4.4' },
17 silly publish   engines: { node: '>=0.8.0' },
17 silly publish   maintainers: [ { name: 'skydev', email: 'hubcarl@126.com' } ],
17 silly publish   readme: '## Grunt前端一体打包框架\n\n1、支持HTML、CSS、JavaScript 压缩混淆\n\n2、支持CSS、JavaScript 自动引用合并\n\n3、支持image、js、css、html和变量引入\n\n4、支持image、js、css、html 压缩合并\n\n5、简化grunt 打包操作，只需通过简单配置即可实现前端工程化',
17 silly publish   readmeFilename: 'README.md',
17 silly publish   gitHead: '6b78635a70a2ae99c8754f7a8855d7685a8f7e3a',
17 silly publish   _id: 'smart-h5-pack-framework@0.1.1',
17 silly publish   scripts: {},
17 silly publish   _shasum: '5ab964e4670d3bb4a8b81f51544841c16968e60d',
17 silly publish   _from: '.' }
18 silly mapToRegistry name smart-h5-pack-framework
19 silly mapToRegistry using default registry
20 silly mapToRegistry registry https://registry.npmjs.org/
21 silly mapToRegistry uri https://registry.npmjs.org/smart-h5-pack-framework
22 verbose publish registryBase https://registry.npmjs.org/
23 silly publish uploading /Users/sky/.npm/smart-h5-pack-framework/0.1.1/package.tgz
24 verbose request uri https://registry.npmjs.org/smart-h5-pack-framework
25 verbose request sending authorization for write operation
26 info attempt registry request try #1 at 15:33:50
27 verbose request using bearer token for auth
28 verbose request id bb4710addb437b8b
29 http request PUT https://registry.npmjs.org/smart-h5-pack-framework
30 http 403 https://registry.npmjs.org/smart-h5-pack-framework
31 verbose headers { 'content-type': 'application/json',
31 verbose headers   'cache-control': 'max-age=60',
31 verbose headers   'content-length': '128',
31 verbose headers   'accept-ranges': 'bytes',
31 verbose headers   date: 'Fri, 18 Sep 2015 07:33:51 GMT',
31 verbose headers   via: '1.1 varnish',
31 verbose headers   connection: 'keep-alive',
31 verbose headers   'x-served-by': 'cache-hkg6820-HKG',
31 verbose headers   'x-cache': 'MISS',
31 verbose headers   'x-cache-hits': '0',
31 verbose headers   'x-timer': 'S1442561630.391997,VS0,VE1428' }
32 verbose request invalidating /Users/sky/.npm/registry.npmjs.org/smart-h5-pack-framework on PUT
33 error publish Failed PUT 403
34 verbose stack Error: "You cannot publish over the previously published version 0.1.1. Try bumping the version to 3.0.0" : smart-h5-pack-framework
34 verbose stack     at CachingRegistryClient.<anonymous> (/usr/local/lib/node_modules/npm/node_modules/npm-registry-client/lib/request.js:254:14)
34 verbose stack     at Request._callback (/usr/local/lib/node_modules/npm/node_modules/npm-registry-client/lib/request.js:178:14)
34 verbose stack     at Request.self.callback (/usr/local/lib/node_modules/npm/node_modules/request/request.js:344:22)
34 verbose stack     at Request.emit (events.js:110:17)
34 verbose stack     at Request.<anonymous> (/usr/local/lib/node_modules/npm/node_modules/request/request.js:1239:14)
34 verbose stack     at Request.emit (events.js:129:20)
34 verbose stack     at IncomingMessage.<anonymous> (/usr/local/lib/node_modules/npm/node_modules/request/request.js:1187:12)
34 verbose stack     at IncomingMessage.emit (events.js:129:20)
34 verbose stack     at _stream_readable.js:908:16
34 verbose stack     at process._tickCallback (node.js:355:11)
35 verbose statusCode 403
36 verbose pkgid smart-h5-pack-framework
37 verbose cwd /Users/sky/dev/smart/smart-pack
38 error Darwin 14.0.0
39 error argv "node" "/usr/local/bin/npm" "publish"
40 error node v0.12.0
41 error npm  v2.5.1
42 error code E403
43 error "You cannot publish over the previously published version 0.1.1. Try bumping the version to 3.0.0" : smart-h5-pack-framework
44 error If you need help, you may report this error at:
44 error     <http://github.com/npm/npm/issues>
45 verbose exit [ 1, true ]
